<?xml version="1.0" encoding="UTF-8"?>
<!-- Generated by org.testng.reporters.JUnitXMLReporter -->
<testsuite ignored="0" hostname="DESKTOP-MN986D6" failures="0" tests="7" name="Test" time="0.126" errors="0" timestamp="2022-11-28T16:40:14 IST">
  <testcase classname="testNG1.Group1" name="handleAlert" time="0.015"/>
  <testcase classname="testNG1.Group1" name="testCase3" time="0.003"/>
  <testcase classname="testNG1.Group1" name="testCase4" time="0.004"/>
  <testcase classname="testNG1.Group2" name="clickabilityOfButton" time="0.002"/>
  <testcase classname="testNG1.Group2" name="enterCred" time="0.003"/>
  <testcase classname="testNG1.Group2" name="loginFlow" time="0.003"/>
  <testcase classname="testNG1.Group2" name="verifyTitle" time="0.002"/>
</testsuite> <!-- Test -->
