<?xml version="1.0" encoding="UTF-8"?>
<testng-results ignored="0" total="7" passed="7" failed="0" skipped="0">
  <reporter-output>
  </reporter-output>
  <suite started-at="2022-11-28T16:40:13 IST" name="Suite" finished-at="2022-11-28T16:40:13 IST" duration-ms="126">
    <groups>
      <group name="integration">
        <method signature="Group1.testCase3()[pri:0, instance:testNG1.Group1@4567f35d]" name="testCase3" class="testNG1.Group1"/>
        <method signature="Group1.testCase4()[pri:0, instance:testNG1.Group1@4567f35d]" name="testCase4" class="testNG1.Group1"/>
        <method signature="Group2.clickabilityOfButton()[pri:0, instance:testNG1.Group2@59309333]" name="clickabilityOfButton" class="testNG1.Group2"/>
        <method signature="Group2.loginFlow()[pri:0, instance:testNG1.Group2@59309333]" name="loginFlow" class="testNG1.Group2"/>
      </group> <!-- integration -->
      <group name="sanity">
        <method signature="Group1.handleAlert()[pri:0, instance:testNG1.Group1@4567f35d]" name="handleAlert" class="testNG1.Group1"/>
        <method signature="Group2.enterCred()[pri:0, instance:testNG1.Group2@59309333]" name="enterCred" class="testNG1.Group2"/>
        <method signature="Group2.verifyTitle()[pri:0, instance:testNG1.Group2@59309333]" name="verifyTitle" class="testNG1.Group2"/>
      </group> <!-- sanity -->
    </groups>
    <test started-at="2022-11-28T16:40:13 IST" name="Test" finished-at="2022-11-28T16:40:13 IST" duration-ms="126">
      <class name="testNG1.Group2">
        <test-method signature="clickabilityOfButton()[pri:0, instance:testNG1.Group2@59309333]" started-at="2022-11-28T16:40:13 IST" name="clickabilityOfButton" finished-at="2022-11-28T16:40:13 IST" duration-ms="2" status="PASS">
          <reporter-output>
          </reporter-output>
        </test-method> <!-- clickabilityOfButton -->
        <test-method signature="enterCred()[pri:0, instance:testNG1.Group2@59309333]" started-at="2022-11-28T16:40:13 IST" name="enterCred" finished-at="2022-11-28T16:40:13 IST" duration-ms="3" status="PASS">
          <reporter-output>
          </reporter-output>
        </test-method> <!-- enterCred -->
        <test-method signature="loginFlow()[pri:0, instance:testNG1.Group2@59309333]" started-at="2022-11-28T16:40:13 IST" name="loginFlow" finished-at="2022-11-28T16:40:13 IST" duration-ms="3" status="PASS">
          <reporter-output>
          </reporter-output>
        </test-method> <!-- loginFlow -->
        <test-method signature="verifyTitle()[pri:0, instance:testNG1.Group2@59309333]" started-at="2022-11-28T16:40:13 IST" name="verifyTitle" finished-at="2022-11-28T16:40:13 IST" duration-ms="2" status="PASS">
          <reporter-output>
          </reporter-output>
        </test-method> <!-- verifyTitle -->
      </class> <!-- testNG1.Group2 -->
      <class name="testNG1.Group1">
        <test-method signature="handleAlert()[pri:0, instance:testNG1.Group1@4567f35d]" started-at="2022-11-28T16:40:13 IST" name="handleAlert" finished-at="2022-11-28T16:40:13 IST" duration-ms="15" status="PASS">
          <reporter-output>
          </reporter-output>
        </test-method> <!-- handleAlert -->
        <test-method signature="testCase3()[pri:0, instance:testNG1.Group1@4567f35d]" started-at="2022-11-28T16:40:13 IST" name="testCase3" finished-at="2022-11-28T16:40:13 IST" duration-ms="3" status="PASS">
          <reporter-output>
          </reporter-output>
        </test-method> <!-- testCase3 -->
        <test-method signature="testCase4()[pri:0, instance:testNG1.Group1@4567f35d]" started-at="2022-11-28T16:40:13 IST" name="testCase4" finished-at="2022-11-28T16:40:13 IST" duration-ms="4" status="PASS">
          <reporter-output>
          </reporter-output>
        </test-method> <!-- testCase4 -->
      </class> <!-- testNG1.Group1 -->
    </test> <!-- Test -->
  </suite> <!-- Suite -->
</testng-results>
